2018-01-12__19:10:31 1 / 235787 89652 41%
2018-01-12__19:10:31 1 /boot/efi 511 4 1%
2018-01-12__19:10:31 0 disk 236298 89656 37.941%
2018-01-12__19:18:17 1 / 235787 89652 41%
2018-01-12__19:18:17 1 /boot/efi 511 4 1%
2018-01-12__19:18:17 0 disk 236298 89656 37.941%
2018-01-12__19:19:18 1 / 235787 89652 41%
2018-01-12__19:19:18 1 /boot/efi 511 4 1%
2018-01-12__19:19:18 0 disk 236298 89656 37.941%
2018-01-12__19:24:22 1 / 235787 89656 41%
2018-01-12__19:24:22 1 /boot/efi 511 4 1%
2018-01-12__19:24:22 0 disk 236298 89660 37.943%
2018-01-12__19:55:27 1 / 235787 89659 41%
2018-01-12__19:55:27 1 /boot/efi 511 4 1%
2018-01-12__19:55:27 0 disk 236298 89663 37.944%
2018-01-12__19:55:29 1 / 235787 89659 41%
2018-01-12__19:55:29 1 /boot/efi 511 4 1%
2018-01-12__19:55:29 0 disk 236298 89663 37.944%
2018-01-12__19:55:30 1 / 235787 89659 41%
2018-01-12__19:55:30 1 /boot/efi 511 4 1%
2018-01-12__19:55:30 0 disk 236298 89663 37.944%
2018-01-12__19:55:30 1 / 235787 89659 41%
2018-01-12__19:55:30 1 /boot/efi 511 4 1%
2018-01-12__19:55:30 0 disk 236298 89663 37.944%
2018-01-12__19:55:31 1 / 235787 89659 41%
2018-01-12__19:55:31 1 /boot/efi 511 4 1%
2018-01-12__19:55:31 0 disk 236298 89663 37.944%
2018-01-12__19:55:31 1 / 235787 89659 41%
2018-01-12__19:55:31 1 /boot/efi 511 4 1%
2018-01-12__19:55:31 0 disk 236298 89663 37.944%
2018-01-12__19:55:32 1 / 235787 89659 41%
2018-01-12__19:55:32 1 /boot/efi 511 4 1%
2018-01-12__19:55:32 0 disk 236298 89663 37.944%
2018-01-12__19:55:33 1 / 235787 89659 41%
2018-01-12__19:55:33 1 /boot/efi 511 4 1%
2018-01-12__19:55:33 0 disk 236298 89663 37.944%
2018-01-12__19:55:33 1 / 235787 89659 41%
2018-01-12__19:55:33 1 /boot/efi 511 4 1%
2018-01-12__19:55:33 0 disk 236298 89663 37.944%
2018-01-12__19:55:34 1 / 235787 89659 41%
2018-01-12__19:55:34 1 /boot/efi 511 4 1%
2018-01-12__19:55:34 0 disk 236298 89663 37.944%
2018-01-13__16:01:12 1 / 235787 89669 41%
2018-01-13__16:01:12 1 /boot/efi 511 4 1%
2018-01-13__16:01:12 0 disk 236298 89673 37.949%
2018-01-13__18:25:14 1 / 235787 89661 41%
2018-01-13__18:25:14 1 /boot/efi 511 4 1%
2018-01-13__18:25:14 0 disk 236298 89665 37.945%
2018-01-13__18:25:16 1 / 235787 89661 41%
2018-01-13__18:25:16 1 /boot/efi 511 4 1%
2018-01-13__18:25:16 0 disk 236298 89665 37.945%
2018-01-13__18:25:16 1 / 235787 89661 41%
2018-01-13__18:25:16 1 /boot/efi 511 4 1%
2018-01-13__18:25:16 0 disk 236298 89665 37.945%
2018-01-13__18:25:18 1 / 235787 89661 41%
2018-01-13__18:25:18 1 /boot/efi 511 4 1%
2018-01-13__18:25:18 0 disk 236298 89665 37.945%
2018-01-14__19:46:12 0 disk 0 0 %
2018-01-19__14:41:47 1 / 235787 93730 42%
2018-01-19__14:41:47 1 /boot/efi 511 4 1%
2018-01-19__14:41:47 0 disk 236298 93734 39.667%
2018-01-19__14:45:10 1 / 235787 93730 42%
2018-01-19__14:45:10 1 /boot/efi 511 4 1%
2018-01-19__14:45:10 0 disk 236298 93734 39.667%
2018-01-19__14:45:10 1 / 235787 130057 42%
2018-01-19__14:45:10 1 /boot/efi 511 508 1%
2018-01-19__14:45:10 0 disk 236298 130565 45%
