2018-01-12__19:10:31 1 / 235787 89652 41%
2018-01-12__19:10:31 1 /boot/efi 511 4 1%
2018-01-12__19:10:31 0 disk 236298 89656 37.941%
2018-01-12__19:18:17 1 / 235787 89652 41%
2018-01-12__19:18:17 1 /boot/efi 511 4 1%
2018-01-12__19:18:17 0 disk 236298 89656 37.941%
2018-01-12__19:19:18 1 / 235787 89652 41%
2018-01-12__19:19:18 1 /boot/efi 511 4 1%
2018-01-12__19:19:18 0 disk 236298 89656 37.941%
2018-01-12__19:24:22 1 / 235787 89656 41%
2018-01-12__19:24:22 1 /boot/efi 511 4 1%
2018-01-12__19:24:22 0 disk 236298 89660 37.943%
2018-01-12__19:55:27 1 / 235787 89659 41%
2018-01-12__19:55:27 1 /boot/efi 511 4 1%
2018-01-12__19:55:27 0 disk 236298 89663 37.944%
2018-01-12__19:55:29 1 / 235787 89659 41%
2018-01-12__19:55:29 1 /boot/efi 511 4 1%
2018-01-12__19:55:29 0 disk 236298 89663 37.944%
2018-01-12__19:55:30 1 / 235787 89659 41%
2018-01-12__19:55:30 1 /boot/efi 511 4 1%
2018-01-12__19:55:30 0 disk 236298 89663 37.944%
2018-01-12__19:55:30 1 / 235787 89659 41%
2018-01-12__19:55:30 1 /boot/efi 511 4 1%
2018-01-12__19:55:30 0 disk 236298 89663 37.944%
2018-01-12__19:55:31 1 / 235787 89659 41%
2018-01-12__19:55:31 1 /boot/efi 511 4 1%
2018-01-12__19:55:31 0 disk 236298 89663 37.944%
2018-01-12__19:55:31 1 / 235787 89659 41%
2018-01-12__19:55:31 1 /boot/efi 511 4 1%
2018-01-12__19:55:31 0 disk 236298 89663 37.944%
2018-01-12__19:55:32 1 / 235787 89659 41%
2018-01-12__19:55:32 1 /boot/efi 511 4 1%
2018-01-12__19:55:32 0 disk 236298 89663 37.944%
2018-01-12__19:55:33 1 / 235787 89659 41%
2018-01-12__19:55:33 1 /boot/efi 511 4 1%
2018-01-12__19:55:33 0 disk 236298 89663 37.944%
2018-01-12__19:55:33 1 / 235787 89659 41%
2018-01-12__19:55:33 1 /boot/efi 511 4 1%
2018-01-12__19:55:33 0 disk 236298 89663 37.944%
2018-01-12__19:55:34 1 / 235787 89659 41%
2018-01-12__19:55:34 1 /boot/efi 511 4 1%
2018-01-12__19:55:34 0 disk 236298 89663 37.944%
